app/build/intermediates/manifest_merge_blame_file/debug/manifest-merger-blame-debug-report.txt
1<?xml version="1.0" encoding="utf-8"?>
2<manifest xmlns:android="http://schemas.android.com/apk/res/android"
3    package="com.example.passe"
4    android:versionCode="1"
5    android:versionName="1.0" >
6
7    <uses-sdk
8        android:minSdkVersion="16"
8-->src/main/AndroidManifest.xml
9        android:targetSdkVersion="29" />
9-->src/main/AndroidManifest.xml
10
11    <uses-permission android:name="android.permission.BLUETOOTH" />
11-->src/main/AndroidManifest.xml:25:5-67
11-->src/main/AndroidManifest.xml:25:22-65
12    <uses-permission android:name="android.permission.BLUETOOTH_ADMIN" />
12-->src/main/AndroidManifest.xml:26:5-73
12-->src/main/AndroidManifest.xml:26:22-71
13    <uses-permission android:name="android.permission.ACCESS_FINE_LOCATION" />
13-->src/main/AndroidManifest.xml:27:5-79
13-->src/main/AndroidManifest.xml:27:22-76
14    <uses-permission android:name="android.permission.READ_PHONE_STATE" />
14-->src/main/AndroidManifest.xml:28:5-75
14-->src/main/AndroidManifest.xml:28:22-72
15    <uses-permission android:name="android.permission.ACCESS_COARSE_LOCATION" />
15-->src/main/AndroidManifest.xml:29:5-81
15-->src/main/AndroidManifest.xml:29:22-78
16
17    <uses-feature
17-->src/main/AndroidManifest.xml:30:5-90
18        android:name="android.hardware.sensor.light"
18-->src/main/AndroidManifest.xml:30:19-63
19        android:required="true" />
19-->src/main/AndroidManifest.xml:30:64-87
20
21    <uses-permission android:name="android.permission.VIBRATE" />
21-->src/main/AndroidManifest.xml:31:5-65
21-->src/main/AndroidManifest.xml:31:22-63
22
23    <uses-feature
23-->src/main/AndroidManifest.xml:32:5-33:31
24        android:name="android.hardware.sensor.accelerometer"
24-->src/main/AndroidManifest.xml:32:19-71
25        android:required="true" />
25-->src/main/AndroidManifest.xml:33:5-28
26    <uses-feature
26-->src/main/AndroidManifest.xml:34:5-35:31
27        android:name="android.hardware.sensor.gravity"
27-->src/main/AndroidManifest.xml:34:19-65
28        android:required="true" />
28-->src/main/AndroidManifest.xml:35:5-28
29
30    <application
30-->src/main/AndroidManifest.xml:5:5-24:19
31        android:allowBackup="true"
31-->src/main/AndroidManifest.xml:6:9-35
32        android:appComponentFactory="androidx.core.app.CoreComponentFactory"
32-->[androidx.core:core:1.3.1] AndroidManifest.xml:24:18-86
33        android:debuggable="true"
34        android:icon="@mipmap/ic_launcher"
34-->src/main/AndroidManifest.xml:7:9-43
35        android:label="@string/app_name"
35-->src/main/AndroidManifest.xml:8:9-41
36        android:roundIcon="@mipmap/ic_launcher_round"
36-->src/main/AndroidManifest.xml:9:9-54
37        android:supportsRtl="true"
37-->src/main/AndroidManifest.xml:10:9-35
38        android:testOnly="true"
39        android:theme="@style/AppTheme" >
39-->src/main/AndroidManifest.xml:11:9-40
40        <activity
40-->src/main/AndroidManifest.xml:13:9-22:20
41            android:name="com.example.passe.MainActivity"
41-->src/main/AndroidManifest.xml:14:13-41
42            android:label="@string/app_name" >
42-->src/main/AndroidManifest.xml:15:13-45
43            <intent-filter>
43-->src/main/AndroidManifest.xml:16:13-20:29
44                <action android:name="android.intent.action.MAIN" />
44-->src/main/AndroidManifest.xml:17:17-69
44-->src/main/AndroidManifest.xml:17:25-66
45
46                <category android:name="android.intent.category.LAUNCHER" />
46-->src/main/AndroidManifest.xml:19:17-77
46-->src/main/AndroidManifest.xml:19:27-74
47            </intent-filter>
48        </activity>
49        <activity android:name="com.example.passe.BluetoothActivity" />
49-->src/main/AndroidManifest.xml:22:28-23:44
49-->src/main/AndroidManifest.xml:23:9-42
50
51        <provider
51-->[androidx.lifecycle:lifecycle-process:2.1.0] AndroidManifest.xml:23:9-27:43
52            android:name="androidx.lifecycle.ProcessLifecycleOwnerInitializer"
52-->[androidx.lifecycle:lifecycle-process:2.1.0] AndroidManifest.xml:24:13-79
53            android:authorities="com.example.passe.lifecycle-process"
53-->[androidx.lifecycle:lifecycle-process:2.1.0] AndroidManifest.xml:25:13-69
54            android:exported="false"
54-->[androidx.lifecycle:lifecycle-process:2.1.0] AndroidManifest.xml:26:13-37
55            android:multiprocess="true" />
55-->[androidx.lifecycle:lifecycle-process:2.1.0] AndroidManifest.xml:27:13-40
56    </application>
57
58</manifest>